[37m08:37:31 [97mminer [0m[93mnsfminer 1.3.14 (No stinkin' fees edition)
[37m08:37:31 [97mminer [0m[97mCopyright 2021 Jean M. Cyr, Licensed under the terms
[37m08:37:31 [97mminer [0m[97m of the GNU General Public License Version 3
[37m08:37:31 [97mminer [0m[97mhttps://github.com/no-fee-ethereum-mining/nsfminer
[37m08:37:31 [97mminer [0m[97mBuild: linux/release/gnu
[37m08:37:31 [97mminer [0m[97m3rd Party: GCC 10.2.0, CUDA 11.3, Boost 1.76.0
[37m08:37:31 [97mminer [0m[97m3rd Party: OpenSSL 1.1.1j  16 Feb 2021
[37m08:37:31 [97mminer [0m[97mRunning as user: louis
[37m08:37:31 [97mminer [0mConfigured pool eth.2miners.com:2020
[37m08:37:31 [97mminer [0mSelected pool eth.2miners.com:2020
[37m08:37:32 [97mminer [0mStratum mode : Eth-Proxy compatible
[37m08:37:32 [97mminer [0mEstablished connection to eth.2miners.com:2020
[37m08:37:32 [97mminer [0mSpinning up miners...
[37m08:37:32 [32mcu-0  [0mUsing Pci 0000:01:00.0: NVIDIA GeForce RTX 3080 (Compute 8.6) Memory : 9.78 GB
[37m08:37:32 [97mminer [0mEpoch : [97m453[0m Difficulty : [97m8.73 Gh[0m
[37m08:37:32 [97mminer [0mJob: [97m08707048[37m blk: [97m13606401[0m eth.2miners.com:2020
[37m08:37:32 [97mminer [0mJob: [97m7a795caa[37m blk: [37m13606401[0m eth.2miners.com:2020
[37m08:37:32 [97mminer [0mJob: [97md343a8e1[37m blk: [37m13606401[0m eth.2miners.com:2020
[37m08:37:36 [97mminer [0m[32m0:00[0m[1;97m A0[0m [1;36m0.00 h[0m - [91mcu0 [36m0.00[0m
[37m08:37:36 [32mcu-0  [0mRequired GPU mem: Total 4.61 GB, Cache 72.62 MB, DAG 4.54 GB, Miscellaneous 56.00 B
[37m08:37:39 [97mminer [0mJob: [97macd2223d[37m blk: [37m13606401[0m eth.2miners.com:2020
[37m08:37:41 [97mminer [0m[32m0:00[0m[1;97m A0[0m [1;36m0.00 h[0m - [91mcu0 [36m0.00[0m
[37m08:37:42 [97mminer [0mJob: [97m5a10b53e[37m blk: [97m13606402[0m eth.2miners.com:2020
[37m08:37:46 [97mminer [0m[32m0:00[0m[1;97m A0[0m [1;36m0.00 h[0m - [91mcu0 [36m0.00[0m
[37m08:37:47 [32mcu-0  [0m4.54 GB of DAG data generated in 10.5 seconds
[37m08:37:49 [97mminer [0mJob: [97mcc8fe02a[37m blk: [37m13606402[0m eth.2miners.com:2020
[37m08:37:51 [97mminer [0m[32m0:00[0m[1;97m A0[0m [1;36m16.90 Kh[0m - [97mcu0 [36m16.90[0m
[37m08:37:56 [97mminer [0m[32m0:00[0m[1;97m A0[0m [1;36m86.82 Mh[0m - [97mcu0 [36m86.82[0m
[37m08:37:56 [97mminer [0mJob: [97m5494fdc0[37m blk: [37m13606402[0m eth.2miners.com:2020
[37m08:38:01 [97mminer [0m[32m0:00[0m[1;97m A0[0m [1;36m60.32 Mh[0m - [97mcu0 [36m60.32[0m
[37m08:38:03 [97mminer [0mJob: [97m76c720d6[37m blk: [37m13606402[0m eth.2miners.com:2020
[37m08:38:03 [97mminer [0mJob: [97mfe10d0d0[37m blk: [97m13606403[0m eth.2miners.com:2020
[37m08:38:06 [97mminer [0m[32m0:00[0m[1;97m A0[0m [1;36m47.33 Mh[0m - [97mcu0 [36m47.33[0m
[37m08:38:10 [97mminer [0mJob: [97mb24cd3b7[37m blk: [37m13606403[0m eth.2miners.com:2020
[37m08:38:10 [97mminer [0mJob: [97mbd2f4b06[37m blk: [37m13606403[0m eth.2miners.com:2020
[37m08:38:11 [97mminer [0m[32m0:00[0m[1;97m A0[0m [1;36m47.32 Mh[0m - [97mcu0 [36m47.32[0m
[37m08:38:14 [97mminer [0mJob: [97m757fe9d9[37m blk: [97m13606404[0m eth.2miners.com:2020
[37m08:38:15 [97mminer [0mJob: [97m520ef709[37m blk: [37m13606404[0m eth.2miners.com:2020
[37m08:38:16 [97mminer [0m[32m0:00[0m[1;97m A0[0m [1;36m47.32 Mh[0m - [97mcu0 [36m47.32[0m
[37m08:38:17 [97mminer [0mJob: [97m245b6c75[37m blk: [97m13606405[0m eth.2miners.com:2020
[37m08:38:17 [97mminer [0mJob: [97m14dc8b03[37m blk: [37m13606405[0m eth.2miners.com:2020
[37m08:38:21 [97mminer [0m[32m0:00[0m[1;97m A0[0m [1;36m47.32 Mh[0m - [97mcu0 [36m47.32[0m
[37m08:38:24 [97mminer [0mJob: [97m83e015c5[37m blk: [37m13606405[0m eth.2miners.com:2020
[37m08:38:26 [97mminer [0m[32m0:00[0m[1;97m A0[0m [1;36m47.32 Mh[0m - [97mcu0 [36m47.32[0m
[37m08:38:31 [97mminer [0m[32m0:01[0m[1;97m A0[0m [1;36m47.33 Mh[0m - [97mcu0 [36m47.33[0m
[37m08:38:36 [97mminer [0m[32m0:01[0m[1;97m A0[0m [1;36m47.34 Mh[0m - [97mcu0 [36m47.34[0m
[37m08:38:39 [97mminer [0mJob: [97m6ec75640[37m blk: [97m13606406[0m eth.2miners.com:2020
[37m08:38:39 [97mminer [0mJob: [97m8400a4a7[37m blk: [37m13606406[0m eth.2miners.com:2020
[37m08:38:41 [97mminer [0m[32m0:01[0m[1;97m A0[0m [1;36m47.33 Mh[0m - [97mcu0 [36m47.33[0m
[37m08:38:43 [97mminer [0mJob: [97m6456c935[37m blk: [97m13606407[0m eth.2miners.com:2020
[37m08:38:46 [97mminer [0m[32m0:01[0m[1;97m A0[0m [1;36m47.33 Mh[0m - [97mcu0 [36m47.33[0m
[37m08:38:50 [97mminer [0mJob: [97m4ae7a897[37m blk: [37m13606407[0m eth.2miners.com:2020
[37m08:38:50 [97mminer [0mJob: [97mcc1dc6bd[37m blk: [37m13606407[0m eth.2miners.com:2020
[37m08:38:51 [97mminer [0m[32m0:01[0m[1;97m A0[0m [1;36m47.33 Mh[0m - [97mcu0 [36m47.33[0m
[37m08:38:53 [97mminer [0mJob: [97m5b0721f9[37m blk: [97m13606408[0m eth.2miners.com:2020
[37m08:38:53 [97mminer [0mJob: [97mfc5ff052[37m blk: [37m13606408[0m eth.2miners.com:2020
[37m08:38:55 [97mminer [0mJob: [97m75aff127[37m blk: [97m13606409[0m eth.2miners.com:2020
[37m08:38:56 [97mminer [0m[32m0:01[0m[1;97m A0[0m [1;36m47.32 Mh[0m - [97mcu0 [36m47.32[0m
[37m08:38:57 [97mminer [0mJob: [97mcd9ca148[37m blk: [97m13606410[0m eth.2miners.com:2020
[37m08:39:01 [97mminer [0m[32m0:01[0m[1;97m A0[0m [1;36m47.31 Mh[0m - [97mcu0 [36m47.31[0m
[37m08:39:04 [97mminer [0mJob: [97m70639c2a[37m blk: [37m13606410[0m eth.2miners.com:2020
[37m08:39:04 [97mminer [0mJob: [97md2637b71[37m blk: [37m13606410[0m eth.2miners.com:2020
[37m08:39:06 [97mminer [0m[32m0:01[0m[1;97m A0[0m [1;36m47.33 Mh[0m - [97mcu0 [36m47.33[0m
[37m08:39:06 [97mminer [0mJob: [97m70b243c4[37m blk: [97m13606411[0m eth.2miners.com:2020
[37m08:39:07 [97mminer [0mJob: [97m527f6151[37m blk: [37m13606411[0m eth.2miners.com:2020
[37m08:39:07 [97mminer [0mJob: [97mf6989422[37m blk: [37m13606411[0m eth.2miners.com:2020
[37m08:39:11 [97mminer [0m[32m0:01[0m[1;97m A0[0m [1;36m47.32 Mh[0m - [97mcu0 [36m47.32[0m
[37m08:39:12 [97mminer [0mJob: [97m090a31f8[37m blk: [97m13606412[0m eth.2miners.com:2020
[37m08:39:13 [97mminer [0mJob: [97mc572bbed[37m blk: [37m13606412[0m eth.2miners.com:2020
[37m08:39:15 [97mminer [0mJob: [97mf454b46e[37m blk: [37m13606412[0m eth.2miners.com:2020
[37m08:39:15 [97mminer [0mJob: [97m10808cb9[37m blk: [37m13606412[0m eth.2miners.com:2020
[37m08:39:16 [97mminer [0mJob: [97m159a24bc[37m blk: [37m13606412[0m eth.2miners.com:2020
[37m08:39:16 [97mminer [0m[32m0:01[0m[1;97m A0[0m [1;36m47.30 Mh[0m - [97mcu0 [36m47.30[0m
[37m08:39:21 [97mminer [0m[32m0:01[0m[1;97m A0[0m [1;36m47.30 Mh[0m - [97mcu0 [36m47.30[0m
[37m08:39:22 [97mminer [0mJob: [97m09425763[37m blk: [37m13606412[0m eth.2miners.com:2020
[37m08:39:26 [97mminer [0m[32m0:01[0m[1;97m A0[0m [1;36m47.33 Mh[0m - [97mcu0 [36m47.33[0m
[37m08:39:28 [97mminer [0mJob: [97mfc9897a0[37m blk: [97m13606413[0m eth.2miners.com:2020
[37m08:39:31 [97mminer [0m[32m0:02[0m[1;97m A0[0m [1;36m47.33 Mh[0m - [97mcu0 [36m47.33[0m
[37m08:39:35 [97mminer [0mJob: [97m33590661[37m blk: [37m13606413[0m eth.2miners.com:2020
[37m08:39:36 [97mminer [0m[32m0:02[0m[1;97m A0[0m [1;36m47.33 Mh[0m - [97mcu0 [36m47.33[0m
[37m08:39:41 [97mminer [0m[32m0:02[0m[1;97m A0[0m [1;36m47.33 Mh[0m - [97mcu0 [36m47.33[0m
[37m08:39:42 [97mminer [0mJob: [97m1e85c5cc[37m blk: [37m13606413[0m eth.2miners.com:2020
[37m08:39:42 [97mminer [0mJob: [97m87a04101[37m blk: [97m13606414[0m eth.2miners.com:2020
[37m08:39:43 [97mminer [0mJob: [97m4c418b17[37m blk: [37m13606414[0m eth.2miners.com:2020
[37m08:39:46 [97mminer [0m[32m0:02[0m[1;97m A0[0m [1;36m47.33 Mh[0m - [97mcu0 [36m47.33[0m
[37m08:39:49 [97mminer [0mJob: [97m85139d17[37m blk: [37m13606414[0m eth.2miners.com:2020
[37m08:39:51 [97mminer [0m[32m0:02[0m[1;97m A0[0m [1;36m47.32 Mh[0m - [97mcu0 [36m47.32[0m
[37m08:39:56 [97mminer [0m[32m0:02[0m[1;97m A0[0m [1;36m47.33 Mh[0m - [97mcu0 [36m47.33[0m
[37m08:39:56 [97mminer [0mJob: [97m60e89608[37m blk: [37m13606414[0m eth.2miners.com:2020
[37m08:40:01 [97mminer [0m[32m0:02[0m[1;97m A0[0m [1;36m47.33 Mh[0m - [97mcu0 [36m47.33[0m
[37m08:40:04 [97mminer [0mJob: [97m254b0867[37m blk: [37m13606414[0m eth.2miners.com:2020
[37m08:40:06 [97mminer [0m[32m0:02[0m[1;97m A0[0m [1;36m47.32 Mh[0m - [97mcu0 [36m47.32[0m
[37m08:40:06 [97mminer [0mJob: [97m831c20b7[37m blk: [97m13606415[0m eth.2miners.com:2020
[37m08:40:11 [97mminer [0m[32m0:02[0m[1;97m A0[0m [1;36m47.33 Mh[0m - [97mcu0 [36m47.33[0m
[37m08:40:13 [97mminer [0mJob: [97mb59238d0[37m blk: [37m13606415[0m eth.2miners.com:2020
[37m08:40:13 [97mminer [0mJob: [97me07e2073[37m blk: [37m13606415[0m eth.2miners.com:2020
[37m08:40:16 [97mminer [0m[32m0:02[0m[1;97m A0[0m [1;36m47.32 Mh[0m - [97mcu0 [36m47.32[0m
[37m08:40:20 [97mminer [0mJob: [97meb9be21a[37m blk: [37m13606415[0m eth.2miners.com:2020
[37m08:40:21 [97mminer [0m[32m0:02[0m[1;97m A0[0m [1;36m47.32 Mh[0m - [97mcu0 [36m47.32[0m
[37m08:40:26 [97mminer [0m[32m0:02[0m[1;97m A0[0m [1;36m47.32 Mh[0m - [97mcu0 [36m47.32[0m
[37m08:40:27 [97mminer [0mJob: [97m26622ef7[37m blk: [37m13606415[0m eth.2miners.com:2020
[37m08:40:30 [97mminer [0mJob: [97mf41221db[37m blk: [97m13606416[0m eth.2miners.com:2020
[37m08:40:31 [97mminer [0m[32m0:03[0m[1;97m A0[0m [1;36m47.33 Mh[0m - [97mcu0 [36m47.33[0m
[37m08:40:36 [97mminer [0m[32m0:03[0m[1;97m A0[0m [1;36m47.32 Mh[0m - [97mcu0 [36m47.32[0m
[37m08:40:37 [97mminer [0mJob: [97m547960f8[37m blk: [37m13606416[0m eth.2miners.com:2020
[37m08:40:41 [97mminer [0m[32m0:03[0m[1;97m A0[0m [1;36m47.34 Mh[0m - [97mcu0 [36m47.34[0m
[37m08:40:42 [97mminer [0mJob: [97m2d5c0036[37m blk: [97m13606417[0m eth.2miners.com:2020
[37m08:40:43 [97mminer [0mJob: [97m95f45e8f[37m blk: [97m13606418[0m eth.2miners.com:2020
[37m08:40:46 [97mminer [0m[32m0:03[0m[1;97m A0[0m [1;36m47.33 Mh[0m - [97mcu0 [36m47.33[0m
[37m08:40:50 [97mminer [0mJob: [97m29aa57d3[37m blk: [37m13606418[0m eth.2miners.com:2020
[37m08:40:51 [97mminer [0m[32m0:03[0m[1;97m A0[0m [1;36m47.32 Mh[0m - [97mcu0 [36m47.32[0m
[37m08:40:56 [97mminer [0m[32m0:03[0m[1;97m A0[0m [1;36m47.33 Mh[0m - [97mcu0 [36m47.33[0m
[37m08:40:57 [97mminer [0mJob: [97me0cb2ffa[37m blk: [37m13606418[0m eth.2miners.com:2020
[37m08:40:57 [97mminer [0mJob: [97m786adc33[37m blk: [37m13606418[0m eth.2miners.com:2020
[37m08:41:01 [97mminer [0m[32m0:03[0m[1;97m A0[0m [1;36m47.34 Mh[0m - [97mcu0 [36m47.34[0m
[37m08:41:04 [97mminer [0mJob: [97mdce9c25c[37m blk: [37m13606418[0m eth.2miners.com:2020
[37m08:41:06 [97mminer [0m[32m0:03[0m[1;97m A0[0m [1;36m47.32 Mh[0m - [97mcu0 [36m47.32[0m
[37m08:41:11 [97mminer [0m[32m0:03[0m[1;97m A0[0m [1;36m47.33 Mh[0m - [97mcu0 [36m47.33[0m
[37m08:41:11 [97mminer [0mJob: [97m6732c77b[37m blk: [37m13606418[0m eth.2miners.com:2020
[37m08:41:16 [97mminer [0m[32m0:03[0m[1;97m A0[0m [1;36m47.34 Mh[0m - [97mcu0 [36m47.34[0m
[37m08:41:18 [97mminer [0mJob: [97m887dcef9[37m blk: [37m13606418[0m eth.2miners.com:2020
[37m08:41:21 [97mminer [0m[32m0:03[0m[1;97m A0[0m [1;36m47.32 Mh[0m - [97mcu0 [36m47.32[0m
[37m08:41:21 [97mminer [0mJob: [97mceb4b7c7[37m blk: [97m13606419[0m eth.2miners.com:2020
[37m08:41:21 [97mminer [0mJob: [97md5726df2[37m blk: [37m13606419[0m eth.2miners.com:2020
[37m08:41:21 [97mminer [0mJob: [97me150297d[37m blk: [37m13606419[0m eth.2miners.com:2020
[37m08:41:26 [97mminer [0m[32m0:03[0m[1;97m A0[0m [1;36m47.33 Mh[0m - [97mcu0 [36m47.33[0m
[37m08:41:26 [97mminer [0mJob: [97m4183aa98[37m blk: [37m13606419[0m eth.2miners.com:2020
[37m08:41:28 [97mminer [0mJob: [97m3c969abb[37m blk: [37m13606419[0m eth.2miners.com:2020
[37m08:41:28 [97mminer [0mJob: [97m2985f216[37m blk: [37m13606419[0m eth.2miners.com:2020
[37m08:41:30 [97mminer [0mJob: [97mbb8f2fd4[37m blk: [97m13606420[0m eth.2miners.com:2020
[37m08:41:30 [97mminer [0mJob: [97mdd85b2a6[37m blk: [37m13606420[0m eth.2miners.com:2020
[37m08:41:31 [97mminer [0m[32m0:04[0m[1;97m A0[0m [1;36m47.31 Mh[0m - [97mcu0 [36m47.31[0m
[37m08:41:34 [97mminer [0mJob: [97md70afffb[37m blk: [97m13606421[0m eth.2miners.com:2020
[37m08:41:34 [97mminer [0mJob: [97m2cea9715[37m blk: [37m13606421[0m eth.2miners.com:2020
[37m08:41:34 [97mminer [0mJob: [97m1c03cbf5[37m blk: [37m13606421[0m eth.2miners.com:2020
[37m08:41:36 [97mminer [0m[32m0:04[0m[1;97m A0[0m [1;36m47.29 Mh[0m - [97mcu0 [36m47.29[0m
[37m08:41:37 [97mminer [0mJob: [97m802f6fc7[37m blk: [97m13606422[0m eth.2miners.com:2020
[37m08:41:41 [97mminer [0m[32m0:04[0m[1;97m A0[0m [1;36m47.31 Mh[0m - [97mcu0 [36m47.31[0m
[37m08:41:44 [97mminer [0mJob: [97mee0ebee2[37m blk: [37m13606422[0m eth.2miners.com:2020
[37m08:41:46 [97mminer [0m[32m0:04[0m[1;97m A0[0m [1;36m47.33 Mh[0m - [97mcu0 [36m47.33[0m
[37m08:41:51 [97mminer [0m[32m0:04[0m[1;97m A0[0m [1;36m47.33 Mh[0m - [97mcu0 [36m47.33[0m
[37m08:41:51 [97mminer [0mJob: [97mbeee002b[37m blk: [37m13606422[0m eth.2miners.com:2020
[37m08:41:52 [97mminer [0mJob: [97mf28a8f50[37m blk: [37m13606422[0m eth.2miners.com:2020
[37m08:41:56 [97mminer [0m[32m0:04[0m[1;97m A0[0m [1;36m47.33 Mh[0m - [97mcu0 [36m47.33[0m
[37m08:41:58 [97mminer [0mJob: [97me62a0f8d[37m blk: [37m13606422[0m eth.2miners.com:2020
[37m08:42:01 [97mminer [0m[32m0:04[0m[1;97m A0[0m [1;36m47.32 Mh[0m - [97mcu0 [36m47.32[0m
[37m08:42:05 [97mminer [0mJob: [97mbebcb81f[37m blk: [37m13606422[0m eth.2miners.com:2020
[37m08:42:06 [97mminer [0m[32m0:04[0m[1;97m A0[0m [1;36m47.33 Mh[0m - [97mcu0 [36m47.33[0m
[37m08:42:11 [97mminer [0m[32m0:04[0m[1;97m A0[0m [1;36m47.33 Mh[0m - [97mcu0 [36m47.33[0m
[37m08:42:13 [97mminer [0mJob: [97m68985684[37m blk: [37m13606422[0m eth.2miners.com:2020
[37m08:42:16 [97mminer [0m[32m0:04[0m[1;97m A0[0m [1;36m47.34 Mh[0m - [97mcu0 [36m47.34[0m
[37m08:42:20 [97mminer [0mJob: [97md4751a31[37m blk: [37m13606422[0m eth.2miners.com:2020
[37m08:42:20 [97mminer [0mJob: [97mba8dadb7[37m blk: [97m13606423[0m eth.2miners.com:2020
[37m08:42:21 [97mminer [0m[32m0:04[0m[1;97m A0[0m [1;36m47.33 Mh[0m - [97mcu0 [36m47.33[0m
[37m08:42:26 [97mminer [0m[32m0:04[0m[1;97m A0[0m [1;36m47.32 Mh[0m - [97mcu0 [36m47.32[0m
[37m08:42:27 [97mminer [0mJob: [97m6def81ff[37m blk: [37m13606423[0m eth.2miners.com:2020
[37m08:42:31 [97mminer [0m[32m0:05[0m[1;97m A0[0m [1;36m47.33 Mh[0m - [97mcu0 [36m47.33[0m
[37m08:42:34 [97mminer [0mJob: [97m26f06c26[37m blk: [37m13606423[0m eth.2miners.com:2020
[37m08:42:34 [97mminer [0mJob: [97m0b97518f[37m blk: [97m13606424[0m eth.2miners.com:2020
[37m08:42:35 [97mminer [0mJob: [97mb27287ec[37m blk: [37m13606424[0m eth.2miners.com:2020
[37m08:42:36 [97mminer [0m[32m0:05[0m[1;97m A0[0m [1;36m47.34 Mh[0m - [97mcu0 [36m47.34[0m
[37m08:42:41 [97mminer [0m[32m0:05[0m[1;97m A0[0m [1;36m47.31 Mh[0m - [97mcu0 [36m47.31[0m
[37m08:42:42 [97mminer [0mJob: [97m41719acb[37m blk: [37m13606424[0m eth.2miners.com:2020
[37m08:42:46 [97mminer [0m[32m0:05[0m[1;97m A0[0m [1;36m47.34 Mh[0m - [97mcu0 [36m47.34[0m
[37m08:42:49 [97mminer [0mJob: [97m1690e456[37m blk: [37m13606424[0m eth.2miners.com:2020
[37m08:42:51 [97mminer [0m[32m0:05[0m[1;97m A0[0m [1;36m47.33 Mh[0m - [97mcu0 [36m47.33[0m
[37m08:42:56 [97mminer [0m[32m0:05[0m[1;97m A0[0m [1;36m47.33 Mh[0m - [97mcu0 [36m47.33[0m
[37m08:42:56 [97mminer [0mJob: [97m17aba14e[37m blk: [37m13606424[0m eth.2miners.com:2020
[37m08:43:01 [97mminer [0m[32m0:05[0m[1;97m A0[0m [1;36m47.34 Mh[0m - [97mcu0 [36m47.34[0m
[37m08:43:03 [97mminer [0mJob: [97mb15bf31a[37m blk: [37m13606424[0m eth.2miners.com:2020
[37m08:43:06 [97mminer [0m[32m0:05[0m[1;97m A0[0m [1;36m47.32 Mh[0m - [97mcu0 [36m47.32[0m
[37m08:43:10 [97mminer [0mJob: [97me4cfe3e0[37m blk: [37m13606424[0m eth.2miners.com:2020
[37m08:43:11 [97mminer [0m[32m0:05[0m[1;97m A0[0m [1;36m47.33 Mh[0m - [97mcu0 [36m47.33[0m
[37m08:43:12 [97mminer [0mJob: [97m30456a69[37m blk: [97m13606425[0m eth.2miners.com:2020
[37m08:43:15 [97mminer [0mJob: [97md9860aa6[37m blk: [97m13606426[0m eth.2miners.com:2020
[37m08:43:15 [97mminer [0mJob: [97m6d18b174[37m blk: [37m13606426[0m eth.2miners.com:2020
[37m08:43:16 [97mminer [0m[32m0:05[0m[1;97m A0[0m [1;36m47.33 Mh[0m - [97mcu0 [36m47.33[0m
[37m08:43:19 [97mminer [0mJob: [97m3095dc7e[37m blk: [97m13606427[0m eth.2miners.com:2020
[37m08:43:21 [97mminer [0m[32m0:05[0m[1;97m A0[0m [1;36m47.31 Mh[0m - [97mcu0 [36m47.31[0m
[37m08:43:21 [97mminer [0mJob: [97m918162ff[37m blk: [97m13606428[0m eth.2miners.com:2020
[37m08:43:22 [97mminer [0mJob: [97m336aab0a[37m blk: [37m13606428[0m eth.2miners.com:2020
[37m08:43:26 [97mminer [0m[32m0:05[0m[1;97m A0[0m [1;36m47.33 Mh[0m - [97mcu0 [36m47.33[0m
[37m08:43:28 [97mminer [0mJob: [97mc04d2ff9[37m blk: [37m13606428[0m eth.2miners.com:2020
[37m08:43:28 [97mminer [0mJob: [97m867dd3d2[37m blk: [37m13606428[0m eth.2miners.com:2020
[37m08:43:30 [97mminer [0mJob: [97m6db923aa[37m blk: [97m13606429[0m eth.2miners.com:2020
[37m08:43:30 [97mminer [0mJob: [97ma0741995[37m blk: [37m13606429[0m eth.2miners.com:2020
[37m08:43:31 [97mminer [0m[32m0:06[0m[1;97m A0[0m [1;36m47.32 Mh[0m - [97mcu0 [36m47.32[0m
[37m08:43:35 [97mminer [0mJob: [97m94edbc39[37m blk: [97m13606430[0m eth.2miners.com:2020
[37m08:43:35 [97mminer [0mJob: [97me3ba1309[37m blk: [37m13606430[0m eth.2miners.com:2020
[37m08:43:36 [97mminer [0m[32m0:06[0m[1;97m A0[0m [1;36m47.30 Mh[0m - [97mcu0 [36m47.30[0m
[37m08:43:37 [97mminer [0mJob: [97mcb2da817[37m blk: [97m13606431[0m eth.2miners.com:2020
[37m08:43:37 [97mminer [0mJob: [97m1b420f2d[37m blk: [37m13606431[0m eth.2miners.com:2020
[37m08:43:41 [97mminer [0m[32m0:06[0m[1;97m A0[0m [1;36m47.32 Mh[0m - [97mcu0 [36m47.32[0m
[37m08:43:45 [97mminer [0mJob: [97m42ceca39[37m blk: [37m13606431[0m eth.2miners.com:2020
[37m08:43:46 [97mminer [0m[32m0:06[0m[1;97m A0[0m [1;36m47.32 Mh[0m - [97mcu0 [36m47.32[0m
[37m08:43:51 [97mminer [0m[32m0:06[0m[1;97m A0[0m [1;36m47.33 Mh[0m - [97mcu0 [36m47.33[0m
[37m08:43:51 [97mminer [0mJob: [97m5e7a3ea3[37m blk: [37m13606431[0m eth.2miners.com:2020
[37m08:43:52 [97mminer [0mJob: [97md43c822a[37m blk: [37m13606431[0m eth.2miners.com:2020
[37m08:43:56 [97mminer [0m[32m0:06[0m[1;97m A0[0m [1;36m47.33 Mh[0m - [97mcu0 [36m47.33[0m
[37m08:43:59 [97mminer [0mJob: [97m95eb5425[37m blk: [37m13606431[0m eth.2miners.com:2020
[37m08:44:01 [97mminer [0m[32m0:06[0m[1;97m A0[0m [1;36m47.32 Mh[0m - [97mcu0 [36m47.32[0m
[37m08:44:01 [97mminer [0mJob: [97m9c704839[37m blk: [97m13606432[0m eth.2miners.com:2020
[37m08:44:06 [97mminer [0m[32m0:06[0m[1;97m A0[0m [1;36m47.33 Mh[0m - [97mcu0 [36m47.33[0m
[37m08:44:08 [97mminer [0mJob: [97mf89f9f57[37m blk: [37m13606432[0m eth.2miners.com:2020
[37m08:44:11 [97mminer [0m[32m0:06[0m[1;97m A0[0m [1;36m47.32 Mh[0m - [97mcu0 [36m47.32[0m
[37m08:44:14 [97mminer [0mJob: [97m7a3a89ae[37m blk: [97m13606433[0m eth.2miners.com:2020
[37m08:44:16 [97mminer [0m[32m0:06[0m[1;97m A0[0m [1;36m47.33 Mh[0m - [97mcu0 [36m47.33[0m
[37m08:44:21 [97mminer [0m[32m0:06[0m[1;97m A0[0m [1;36m47.33 Mh[0m - [97mcu0 [36m47.33[0m
[37m08:44:22 [97mminer [0mJob: [97m683a08e7[37m blk: [37m13606433[0m eth.2miners.com:2020
[37m08:44:26 [97mminer [0m[32m0:06[0m[1;97m A0[0m [1;36m47.33 Mh[0m - [97mcu0 [36m47.33[0m
[37m08:44:28 [97mminer [0mJob: [97maa2c11ce[37m blk: [37m13606433[0m eth.2miners.com:2020
[37m08:44:31 [97mminer [0m[32m0:07[0m[1;97m A0[0m [1;36m47.33 Mh[0m - [97mcu0 [36m47.33[0m
[37m08:44:35 [97mminer [0mJob: [97m9f367628[37m blk: [37m13606433[0m eth.2miners.com:2020
[37m08:44:35 [97mminer [0mJob: [97mfb78ec6a[37m blk: [37m13606433[0m eth.2miners.com:2020
[37m08:44:36 [97mminer [0m[32m0:07[0m[1;97m A0[0m [1;36m47.33 Mh[0m - [97mcu0 [36m47.33[0m
[37m08:44:41 [97mminer [0m[32m0:07[0m[1;97m A0[0m [1;36m47.31 Mh[0m - [97mcu0 [36m47.31[0m
[37m08:44:42 [97mminer [0mJob: [97m00747a50[37m blk: [37m13606433[0m eth.2miners.com:2020
[37m08:44:42 [97mminer [0mJob: [97m4078d445[37m blk: [37m13606433[0m eth.2miners.com:2020
[37m08:44:46 [97mminer [0m[32m0:07[0m[1;97m A0[0m [1;36m47.34 Mh[0m - [97mcu0 [36m47.34[0m
[37m08:44:50 [97mminer [0mJob: [97m9b0505d1[37m blk: [37m13606433[0m eth.2miners.com:2020
[37m08:44:50 [97mminer [0mJob: [97m802a059f[37m blk: [97m13606434[0m eth.2miners.com:2020
[37m08:44:51 [97mminer [0m[32m0:07[0m[1;97m A0[0m [1;36m47.32 Mh[0m - [97mcu0 [36m47.32[0m
[37m08:44:51 [97mminer [0mJob: [97md68b68fa[37m blk: [97m13606435[0m eth.2miners.com:2020
[37m08:44:52 [97mminer [0mJob: [97m718a2a8d[37m blk: [37m13606435[0m eth.2miners.com:2020
[37m08:44:56 [97mminer [0m[32m0:07[0m[1;97m A0[0m [1;36m47.32 Mh[0m - [97mcu0 [36m47.32[0m
[37m08:44:58 [97mminer [0mJob: [97m46aea4e1[37m blk: [37m13606435[0m eth.2miners.com:2020
[37m08:45:01 [97mminer [0m[32m0:07[0m[1;97m A0[0m [1;36m47.31 Mh[0m - [97mcu0 [36m47.31[0m
[37m08:45:03 [97mminer [0mJob: [97mf5f362dd[37m blk: [97m13606436[0m eth.2miners.com:2020
[37m08:45:03 [97mminer [0mJob: [97mdabbb8d3[37m blk: [37m13606436[0m eth.2miners.com:2020
[37m08:45:06 [97mminer [0m[32m0:07[0m[1;97m A0[0m [1;36m47.33 Mh[0m - [97mcu0 [36m47.33[0m
[37m08:45:10 [97mminer [0mJob: [97m60b92b98[37m blk: [37m13606436[0m eth.2miners.com:2020
[37m08:45:11 [97mminer [0m[32m0:07[0m[1;97m A0[0m [1;36m47.32 Mh[0m - [97mcu0 [36m47.32[0m
[37m08:45:16 [97mminer [0m[32m0:07[0m[1;97m A0[0m [1;36m47.33 Mh[0m - [97mcu0 [36m47.33[0m
[37m08:45:17 [97mminer [0mJob: [97me6ba4603[37m blk: [37m13606436[0m eth.2miners.com:2020
[37m08:45:21 [97mminer [0m[32m0:07[0m[1;97m A0[0m [1;36m47.34 Mh[0m - [97mcu0 [36m47.34[0m
[37m08:45:24 [97mminer [0mJob: [97m282f4e96[37m blk: [37m13606436[0m eth.2miners.com:2020
[37m08:45:26 [97mminer [0m[32m0:07[0m[1;97m A0[0m [1;36m47.32 Mh[0m - [97mcu0 [36m47.32[0m
[37m08:45:31 [97mminer [0m[32m0:08[0m[1;97m A0[0m [1;36m47.33 Mh[0m - [97mcu0 [36m47.33[0m
[37m08:45:32 [97mminer [0mJob: [97ma972868e[37m blk: [97m13606437[0m eth.2miners.com:2020
[37m08:45:32 [97mminer [0mJob: [97m0cc4659c[37m blk: [37m13606437[0m eth.2miners.com:2020
[37m08:45:32 [97mminer [0mJob: [97m505c61f3[37m blk: [37m13606437[0m eth.2miners.com:2020
[37m08:45:36 [97mminer [0m[32m0:08[0m[1;97m A0[0m [1;36m47.33 Mh[0m - [97mcu0 [36m47.33[0m
[37m08:45:39 [97mminer [0mJob: [97m85a1c2a2[37m blk: [37m13606437[0m eth.2miners.com:2020
[37m08:45:40 [97mminer [0mJob: [97mc34233e7[37m blk: [97m13606438[0m eth.2miners.com:2020
[37m08:45:40 [97mminer [0mJob: [97m7567e904[37m blk: [37m13606438[0m eth.2miners.com:2020
[37m08:45:41 [97mminer [0m[32m0:08[0m[1;97m A0[0m [1;36m47.31 Mh[0m - [97mcu0 [36m47.31[0m
[37m08:45:46 [97mminer [0m[32m0:08[0m[1;97m A0[0m [1;36m47.32 Mh[0m - [97mcu0 [36m47.32[0m
[37m08:45:47 [97mminer [0mJob: [97md82e58b2[37m blk: [37m13606438[0m eth.2miners.com:2020
[37m08:45:47 [97mminer [0mJob: [97m07c56323[37m blk: [37m13606438[0m eth.2miners.com:2020
[37m08:45:51 [97mminer [0mJob: [97m933c95a5[37m blk: [97m13606439[0m eth.2miners.com:2020
[37m08:45:51 [97mminer [0m[32m0:08[0m[1;97m A0[0m [1;36m47.34 Mh[0m - [97mcu0 [36m47.34[0m
[37m08:45:51 [97mminer [0mJob: [97m8ab4bf8b[37m blk: [37m13606439[0m eth.2miners.com:2020
[37m08:45:56 [97mminer [0m[32m0:08[0m[1;97m A0[0m [1;36m47.33 Mh[0m - [97mcu0 [36m47.33[0m
[37m08:45:58 [97mminer [0mJob: [97m14c160c8[37m blk: [37m13606439[0m eth.2miners.com:2020
[37m08:46:01 [97mminer [0m[32m0:08[0m[1;97m A0[0m [1;36m47.32 Mh[0m - [97mcu0 [36m47.32[0m
[37m08:46:05 [97mminer [0mJob: [97m1a0d2ca9[37m blk: [37m13606439[0m eth.2miners.com:2020
[37m08:46:06 [97mminer [0m[32m0:08[0m[1;97m A0[0m [1;36m47.33 Mh[0m - [97mcu0 [36m47.33[0m
[37m08:46:11 [97mminer [0m[32m0:08[0m[1;97m A0[0m [1;36m47.33 Mh[0m - [97mcu0 [36m47.33[0m
[37m08:46:12 [97mminer [0mJob: [97m57e7d81a[37m blk: [37m13606439[0m eth.2miners.com:2020
[37m08:46:12 [97mminer [0mJob: [97m8156983a[37m blk: [37m13606439[0m eth.2miners.com:2020
[37m08:46:14 [97mminer [0mJob: [97m728e0571[37m blk: [97m13606440[0m eth.2miners.com:2020
[37m08:46:16 [97mminer [0m[32m0:08[0m[1;97m A0[0m [1;36m47.34 Mh[0m - [97mcu0 [36m47.34[0m
[37m08:46:20 [97mminer [0mJob: [97mef39897d[37m blk: [37m13606440[0m eth.2miners.com:2020
[37m08:46:21 [97mminer [0m[32m0:08[0m[1;97m A0[0m [1;36m47.31 Mh[0m - [97mcu0 [36m47.31[0m
[37m08:46:26 [97mminer [0m[32m0:08[0m[1;97m A0[0m [1;36m47.32 Mh[0m - [97mcu0 [36m47.32[0m
[37m08:46:28 [97mminer [0mJob: [97ma27f5658[37m blk: [37m13606440[0m eth.2miners.com:2020
[37m08:46:31 [97mminer [0m[32m0:09[0m[1;97m A0[0m [1;36m47.34 Mh[0m - [97mcu0 [36m47.34[0m
[37m08:46:35 [97mminer [0mJob: [97m44afeaac[37m blk: [37m13606440[0m eth.2miners.com:2020
[37m08:46:36 [97mminer [0m[32m0:09[0m[1;97m A0[0m [1;36m47.33 Mh[0m - [97mcu0 [36m47.33[0m
[37m08:46:36 [97mminer [0mJob: [97m3ae7dbac[37m blk: [97m13606441[0m eth.2miners.com:2020
[37m08:46:41 [97mminer [0m[32m0:09[0m[1;97m A0[0m [1;36m47.33 Mh[0m - [97mcu0 [36m47.33[0m
[37m08:46:43 [97mminer [0mJob: [97m87a6617b[37m blk: [37m13606441[0m eth.2miners.com:2020
[37m08:46:46 [97mminer [0m[32m0:09[0m[1;97m A0[0m [1;36m47.33 Mh[0m - [97mcu0 [36m47.33[0m
[37m08:46:51 [97mminer [0mJob: [97mc42d2091[37m blk: [37m13606441[0m eth.2miners.com:2020
[37m08:46:51 [97mminer [0m[32m0:09[0m[1;97m A0[0m [1;36m47.33 Mh[0m - [97mcu0 [36m47.33[0m
[37m08:46:56 [97mminer [0m[32m0:09[0m[1;97m A0[0m [1;36m47.33 Mh[0m - [97mcu0 [36m47.33[0m
[37m08:46:58 [97mminer [0mJob: [97mc17288b1[37m blk: [37m13606441[0m eth.2miners.com:2020
[37m08:46:58 [97mminer [0mJob: [97m94e7e257[37m blk: [97m13606442[0m eth.2miners.com:2020
[37m08:47:01 [97mminer [0m[32m0:09[0m[1;97m A0[0m [1;36m47.34 Mh[0m - [97mcu0 [36m47.34[0m
[37m08:47:06 [97mminer [0mJob: [97m3ef8c25c[37m blk: [37m13606442[0m eth.2miners.com:2020
[37m08:47:06 [97mminer [0m[32m0:09[0m[1;97m A0[0m [1;36m47.32 Mh[0m - [97mcu0 [36m47.32[0m
[37m08:47:11 [97mminer [0m[32m0:09[0m[1;97m A0[0m [1;36m47.33 Mh[0m - [97mcu0 [36m47.33[0m
[37m08:47:12 [97mminer [0mJob: [97m0b2d1cd1[37m blk: [37m13606442[0m eth.2miners.com:2020
[37m08:47:16 [97mminer [0m[32m0:09[0m[1;97m A0[0m [1;36m47.33 Mh[0m - [97mcu0 [36m47.33[0m
[37m08:47:17 [97mminer [0mJob: [97mc4d38679[37m blk: [97m13606443[0m eth.2miners.com:2020
[37m08:47:17 [97mminer [0mJob: [97mce8b479f[37m blk: [37m13606443[0m eth.2miners.com:2020
[37m08:47:21 [97mminer [0m[32m0:09[0m[1;97m A0[0m [1;36m47.33 Mh[0m - [97mcu0 [36m47.33[0m
[37m08:47:24 [97mminer [0mJob: [97m766f18d3[37m blk: [37m13606443[0m eth.2miners.com:2020
[37m08:47:24 [97mminer [0mJob: [97mb877aab4[37m blk: [37m13606443[0m eth.2miners.com:2020
[37m08:47:26 [97mminer [0m[32m0:09[0m[1;97m A0[0m [1;36m47.32 Mh[0m - [97mcu0 [36m47.32[0m
[37m08:47:31 [97mminer [0m[32m0:10[0m[1;97m A0[0m [1;36m47.31 Mh[0m - [97mcu0 [36m47.31[0m
[37m08:47:31 [97mminer [0mJob: [97m871e4a4d[37m blk: [37m13606443[0m eth.2miners.com:2020
[37m08:47:36 [97mminer [0m[32m0:10[0m[1;97m A0[0m [1;36m47.34 Mh[0m - [97mcu0 [36m47.34[0m
[37m08:47:38 [97mminer [0mJob: [97m53d736d8[37m blk: [37m13606443[0m eth.2miners.com:2020
[37m08:47:38 [97mminer [0mJob: [97m4b2ab0f8[37m blk: [97m13606444[0m eth.2miners.com:2020
[37m08:47:38 [97mminer [0mJob: [97m9bdee36f[37m blk: [37m13606444[0m eth.2miners.com:2020
[37m08:47:41 [97mminer [0m[32m0:10[0m[1;97m A0[0m [1;36m47.33 Mh[0m - [97mcu0 [36m47.33[0m
[37m08:47:45 [97mminer [0mJob: [97m42743ea3[37m blk: [37m13606444[0m eth.2miners.com:2020
[37m08:47:46 [97mminer [0m[32m0:10[0m[1;97m A0[0m [1;36m47.31 Mh[0m - [97mcu0 [36m47.31[0m
[37m08:47:49 [97mminer [0mJob: [97m0e6af4f2[37m blk: [97m13606445[0m eth.2miners.com:2020
[37m08:47:49 [97mcu-0  [0m[97mJob: 0e6af4f2 Solution: 0x278089631e9c5f28
[37m08:47:49 [97mminer [0m[97mSolution difficulty: 21.65 Gh
[37m08:47:49 [97mminer [0m[92m**Accepted[0m  23 ms. eth.2miners.com:2020
[37m08:47:51 [97mminer [0m[32m0:10[0m[1;97m A1[0m [1;36m47.33 Mh[0m - [97mcu0 [36m47.33[0m
[37m08:47:55 [97mminer [0mJob: [97mbefc7fea[37m blk: [97m13606446[0m eth.2miners.com:2020
[37m08:47:55 [97mminer [0mJob: [97mf717f313[37m blk: [37m13606446[0m eth.2miners.com:2020
[37m08:47:56 [97mminer [0m[32m0:10[0m[1;97m A1[0m [1;36m47.33 Mh[0m - [97mcu0 [36m47.33[0m
[37m08:47:58 [97mminer [0mJob: [97m9b65f126[37m blk: [97m13606447[0m eth.2miners.com:2020
[37m08:48:01 [97mminer [0m[32m0:10[0m[1;97m A1[0m [1;36m47.33 Mh[0m - [97mcu0 [36m47.33[0m
[37m08:48:06 [97mminer [0mJob: [97md43edcc6[37m blk: [37m13606447[0m eth.2miners.com:2020
[37m08:48:06 [97mminer [0m[32m0:10[0m[1;97m A1[0m [1;36m47.33 Mh[0m - [97mcu0 [36m47.33[0m
[37m08:48:06 [97mminer [0mJob: [97m63e841a4[37m blk: [37m13606447[0m eth.2miners.com:2020
[37m08:48:11 [97mminer [0m[32m0:10[0m[1;97m A1[0m [1;36m47.33 Mh[0m - [97mcu0 [36m47.33[0m
[37m08:48:13 [97mminer [0mJob: [97mdccf8436[37m blk: [37m13606447[0m eth.2miners.com:2020
[37m08:48:16 [97mminer [0m[32m0:10[0m[1;97m A1[0m [1;36m47.33 Mh[0m - [97mcu0 [36m47.33[0m
[37m08:48:20 [97mminer [0mJob: [97m25b4932a[37m blk: [37m13606447[0m eth.2miners.com:2020
[37m08:48:20 [97mminer [0mJob: [97m8e1673df[37m blk: [97m13606448[0m eth.2miners.com:2020
[37m08:48:20 [97mminer [0mJob: [97m6c750402[37m blk: [37m13606448[0m eth.2miners.com:2020
[37m08:48:21 [97mminer [0m[32m0:10[0m[1;97m A1[0m [1;36m47.33 Mh[0m - [97mcu0 [36m47.33[0m
[37m08:48:26 [97mminer [0m[32m0:10[0m[1;97m A1[0m [1;36m47.31 Mh[0m - [97mcu0 [36m47.31[0m
[37m08:48:27 [97mminer [0mJob: [97mda9d6796[37m blk: [37m13606448[0m eth.2miners.com:2020
[37m08:48:31 [97mminer [0m[32m0:11[0m[1;97m A1[0m [1;36m47.33 Mh[0m - [97mcu0 [36m47.33[0m
[37m08:48:34 [97mminer [0mJob: [97m97c8e320[37m blk: [37m13606448[0m eth.2miners.com:2020
[37m08:48:34 [97mminer [0mJob: [97mc81f3b35[37m blk: [37m13606448[0m eth.2miners.com:2020
[37m08:48:36 [97mminer [0m[32m0:11[0m[1;97m A1[0m [1;36m47.33 Mh[0m - [97mcu0 [36m47.33[0m
[37m08:48:41 [97mminer [0m[32m0:11[0m[1;97m A1[0m [1;36m47.32 Mh[0m - [97mcu0 [36m47.32[0m
[37m08:48:41 [97mminer [0mJob: [97m14b83a11[37m blk: [37m13606448[0m eth.2miners.com:2020
[37m08:48:41 [97mminer [0mJob: [97md1641e12[37m blk: [37m13606448[0m eth.2miners.com:2020
[37m08:48:46 [97mminer [0m[32m0:11[0m[1;97m A1[0m [1;36m47.34 Mh[0m - [97mcu0 [36m47.34[0m
[37m08:48:46 [97mminer [0mJob: [97me679c509[37m blk: [97m13606449[0m eth.2miners.com:2020
[37m08:48:46 [97mminer [0mJob: [97m88c05a09[37m blk: [37m13606449[0m eth.2miners.com:2020
[37m08:48:51 [97mminer [0m[32m0:11[0m[1;97m A1[0m [1;36m47.31 Mh[0m - [97mcu0 [36m47.31[0m
[37m08:48:53 [97mminer [0mJob: [97m643c4302[37m blk: [37m13606449[0m eth.2miners.com:2020
[37m08:48:54 [97mminer [0mJob: [97ma20d7851[37m blk: [97m13606450[0m eth.2miners.com:2020
[37m08:48:54 [97mminer [0mJob: [97m66a0d819[37m blk: [37m13606450[0m eth.2miners.com:2020
[37m08:48:56 [97mminer [0m[32m0:11[0m[1;97m A1[0m [1;36m47.32 Mh[0m - [97mcu0 [36m47.32[0m
[37m08:49:01 [97mminer [0m[32m0:11[0m[1;97m A1[0m [1;36m47.32 Mh[0m - [97mcu0 [36m47.32[0m
[37m08:49:02 [97mminer [0mJob: [97m72d26cb7[37m blk: [37m13606450[0m eth.2miners.com:2020
[37m08:49:04 [97mminer [0mJob: [97m6d0b5a9c[37m blk: [97m13606451[0m eth.2miners.com:2020
[37m08:49:06 [97mminer [0m[32m0:11[0m[1;97m A1[0m [1;36m47.34 Mh[0m - [97mcu0 [36m47.34[0m
[37m08:49:11 [97mminer [0mJob: [97mc8312a01[37m blk: [97m13606452[0m eth.2miners.com:2020
[37m08:49:11 [97mminer [0m[32m0:11[0m[1;97m A1[0m [1;36m47.32 Mh[0m - [97mcu0 [36m47.32[0m
[37m08:49:16 [97mminer [0m[32m0:11[0m[1;97m A1[0m [1;36m47.33 Mh[0m - [97mcu0 [36m47.33[0m
[37m08:49:18 [97mminer [0mJob: [97m1ce7b69f[37m blk: [37m13606452[0m eth.2miners.com:2020
[37m08:49:21 [97mminer [0m[32m0:11[0m[1;97m A1[0m [1;36m47.33 Mh[0m - [97mcu0 [36m47.33[0m
[37m08:49:25 [97mminer [0mJob: [97m3a1b3b23[37m blk: [37m13606452[0m eth.2miners.com:2020
[37m08:49:25 [97mminer [0mJob: [97m8ee84774[37m blk: [97m13606453[0m eth.2miners.com:2020
[37m08:49:26 [97mminer [0mJob: [97m97492e61[37m blk: [37m13606453[0m eth.2miners.com:2020
[37m08:49:26 [97mminer [0m[32m0:11[0m[1;97m A1[0m [1;36m47.33 Mh[0m - [97mcu0 [36m47.33[0m
[37m08:49:31 [97mminer [0m[32m0:12[0m[1;97m A1[0m [1;36m47.32 Mh[0m - [97mcu0 [36m47.32[0m
[37m08:49:32 [97mminer [0mJob: [97m44230bf2[37m blk: [37m13606453[0m eth.2miners.com:2020
[37m08:49:36 [97mminer [0m[32m0:12[0m[1;97m A1[0m [1;36m47.33 Mh[0m - [97mcu0 [36m47.33[0m
[37m08:49:36 [97mminer [0mJob: [97mf8c90e6d[37m blk: [97m13606454[0m eth.2miners.com:2020
[37m08:49:36 [97mminer [0mJob: [97m6f30b9b3[37m blk: [37m13606454[0m eth.2miners.com:2020
[37m08:49:41 [97mminer [0m[32m0:12[0m[1;97m A1[0m [1;36m47.33 Mh[0m - [97mcu0 [36m47.33[0m
[37m08:49:43 [97mminer [0mJob: [97me819fd68[37m blk: [37m13606454[0m eth.2miners.com:2020
[37m08:49:46 [97mminer [0m[32m0:12[0m[1;97m A1[0m [1;36m47.32 Mh[0m - [97mcu0 [36m47.32[0m
[37m08:49:50 [97mminer [0mJob: [97mc14abc0b[37m blk: [37m13606454[0m eth.2miners.com:2020
[37m08:49:50 [97mminer [0mJob: [97mb47c5fd3[37m blk: [97m13606455[0m eth.2miners.com:2020
[37m08:49:51 [97mminer [0m[32m0:12[0m[1;97m A1[0m [1;36m47.33 Mh[0m - [97mcu0 [36m47.33[0m
[37m08:49:56 [97mminer [0m[32m0:12[0m[1;97m A1[0m [1;36m47.32 Mh[0m - [97mcu0 [36m47.32[0m
[37m08:49:57 [97mminer [0mJob: [97mc826139b[37m blk: [37m13606455[0m eth.2miners.com:2020
[37m08:50:01 [97mminer [0m[32m0:12[0m[1;97m A1[0m [1;36m47.34 Mh[0m - [97mcu0 [36m47.34[0m
[37m08:50:04 [97mminer [0mJob: [97mb25a676a[37m blk: [97m13606456[0m eth.2miners.com:2020
[37m08:50:06 [97mminer [0m[32m0:12[0m[1;97m A1[0m [1;36m47.33 Mh[0m - [97mcu0 [36m47.33[0m
[37m08:50:11 [97mminer [0m[32m0:12[0m[1;97m A1[0m [1;36m47.33 Mh[0m - [97mcu0 [36m47.33[0m
[37m08:50:11 [97mminer [0mJob: [97m349c6d2f[37m blk: [37m13606456[0m eth.2miners.com:2020
[37m08:50:15 [97mminer [0mJob: [97m39897163[37m blk: [97m13606457[0m eth.2miners.com:2020
[37m08:50:15 [97mminer [0mJob: [97m3a8fce00[37m blk: [37m13606457[0m eth.2miners.com:2020
[37m08:50:16 [97mminer [0m[32m0:12[0m[1;97m A1[0m [1;36m47.34 Mh[0m - [97mcu0 [36m47.34[0m
[37m08:50:21 [97mminer [0m[32m0:12[0m[1;97m A1[0m [1;36m47.31 Mh[0m - [97mcu0 [36m47.31[0m
[37m08:50:22 [97mminer [0mJob: [97m0332c596[37m blk: [37m13606457[0m eth.2miners.com:2020
[37m08:50:26 [97mminer [0m[32m0:12[0m[1;97m A1[0m [1;36m47.34 Mh[0m - [97mcu0 [36m47.34[0m
[37m08:50:27 [97mminer [0mJob: [97m09715146[37m blk: [97m13606458[0m eth.2miners.com:2020
[37m08:50:31 [97mminer [0m[32m0:13[0m[1;97m A1[0m [1;36m47.33 Mh[0m - [97mcu0 [36m47.33[0m
[37m08:50:34 [97mminer [0mJob: [97mf5c21259[37m blk: [37m13606458[0m eth.2miners.com:2020
[37m08:50:34 [97mminer [0mJob: [97mf55c75cf[37m blk: [37m13606458[0m eth.2miners.com:2020
[37m08:50:36 [97mminer [0m[32m0:13[0m[1;97m A1[0m [1;36m47.33 Mh[0m - [97mcu0 [36m47.33[0m
[37m08:50:41 [97mminer [0m[32m0:13[0m[1;97m A1[0m [1;36m47.32 Mh[0m - [97mcu0 [36m47.32[0m
[37m08:50:41 [97mminer [0mJob: [97m9037d431[37m blk: [37m13606458[0m eth.2miners.com:2020
[37m08:50:42 [97mminer [0mJob: [97m37e821ff[37m blk: [37m13606458[0m eth.2miners.com:2020
[37m08:50:46 [97mminer [0m[32m0:13[0m[1;97m A1[0m [1;36m47.34 Mh[0m - [97mcu0 [36m47.34[0m
[37m08:50:49 [97mminer [0mJob: [97mfd05db99[37m blk: [97m13606459[0m eth.2miners.com:2020
[37m08:50:49 [97mminer [0mJob: [97mda93f37c[37m blk: [37m13606459[0m eth.2miners.com:2020
[37m08:50:51 [97mminer [0m[32m0:13[0m[1;97m A1[0m [1;36m47.32 Mh[0m - [97mcu0 [36m47.32[0m
[37m08:50:54 [97mminer [0mJob: [97ma9fc3de8[37m blk: [97m13606460[0m eth.2miners.com:2020
[37m08:50:56 [97mminer [0m[32m0:13[0m[1;97m A1[0m [1;36m47.32 Mh[0m - [97mcu0 [36m47.32[0m
[37m08:51:01 [97mminer [0m[32m0:13[0m[1;97m A1[0m [1;36m47.33 Mh[0m - [97mcu0 [36m47.33[0m
[37m08:51:02 [97mminer [0mJob: [97mbf294d7d[37m blk: [37m13606460[0m eth.2miners.com:2020
[37m08:51:06 [97mminer [0m[32m0:13[0m[1;97m A1[0m [1;36m47.34 Mh[0m - [97mcu0 [36m47.34[0m
[37m08:51:08 [97mminer [0mJob: [97m9661c8d0[37m blk: [97m13606461[0m eth.2miners.com:2020
[37m08:51:08 [97mminer [0mJob: [97m4048965b[37m blk: [97m13606462[0m eth.2miners.com:2020
[37m08:51:08 [97mminer [0mJob: [97m996d618f[37m blk: [37m13606462[0m eth.2miners.com:2020
[37m08:51:09 [97mminer [0mJob: [97ma10a09d6[37m blk: [97m13606463[0m eth.2miners.com:2020
[37m08:51:10 [97mminer [0mJob: [97md6ea872f[37m blk: [37m13606463[0m eth.2miners.com:2020
[37m08:51:11 [97mminer [0m[32m0:13[0m[1;97m A1[0m [1;36m47.33 Mh[0m - [97mcu0 [36m47.33[0m
[37m08:51:16 [97mminer [0m[32m0:13[0m[1;97m A1[0m [1;36m47.29 Mh[0m - [97mcu0 [36m47.29[0m
[37m08:51:16 [97mminer [0mJob: [97meda00c55[37m blk: [37m13606463[0m eth.2miners.com:2020
[37m08:51:20 [97mminer [0mJob: [97m65a0bf59[37m blk: [97m13606464[0m eth.2miners.com:2020
[37m08:51:21 [97mminer [0m[32m0:13[0m[1;97m A1[0m [1;36m47.34 Mh[0m - [97mcu0 [36m47.34[0m
[37m08:51:26 [97mminer [0m[32m0:13[0m[1;97m A1[0m [1;36m47.32 Mh[0m - [97mcu0 [36m47.32[0m
[37m08:51:27 [97mminer [0mJob: [97m5dfb408c[37m blk: [37m13606464[0m eth.2miners.com:2020
[37m08:51:31 [97mminer [0m[32m0:14[0m[1;97m A1[0m [1;36m47.33 Mh[0m - [97mcu0 [36m47.33[0m
[37m08:51:35 [97mminer [0mJob: [97m330c76d0[37m blk: [97m13606465[0m eth.2miners.com:2020
[37m08:51:35 [97mminer [0mJob: [97mc9ac5dc5[37m blk: [37m13606465[0m eth.2miners.com:2020
[37m08:51:35 [97mminer [0mJob: [97mbd1674d4[37m blk: [37m13606465[0m eth.2miners.com:2020
[37m08:51:36 [97mminer [0m[32m0:14[0m[1;97m A1[0m [1;36m47.33 Mh[0m - [97mcu0 [36m47.33[0m
[37m08:51:41 [97mminer [0m[32m0:14[0m[1;97m A1[0m [1;36m47.31 Mh[0m - [97mcu0 [36m47.31[0m
[37m08:51:42 [97mminer [0mJob: [97m362e87bb[37m blk: [37m13606465[0m eth.2miners.com:2020
[37m08:51:43 [97mminer [0mJob: [97md3c6608c[37m blk: [37m13606465[0m eth.2miners.com:2020
[37m08:51:43 [97mminer [0mJob: [97mc404c71a[37m blk: [37m13606465[0m eth.2miners.com:2020
[37m08:51:46 [97mminer [0m[32m0:14[0m[1;97m A1[0m [1;36m47.33 Mh[0m - [97mcu0 [36m47.33[0m
[37m08:51:49 [97mminer [0mJob: [97m7697c88c[37m blk: [37m13606465[0m eth.2miners.com:2020
[37m08:51:49 [97mminer [0mJob: [97m8ae13e21[37m blk: [37m13606465[0m eth.2miners.com:2020
[37m08:51:51 [97mminer [0m[32m0:14[0m[1;97m A1[0m [1;36m47.30 Mh[0m - [97mcu0 [36m47.30[0m
[37m08:51:54 [97mminer [0mJob: [97mcc0906f2[37m blk: [97m13606466[0m eth.2miners.com:2020
[37m08:51:56 [97mminer [0m[32m0:14[0m[1;97m A1[0m [1;36m47.32 Mh[0m - [97mcu0 [36m47.32[0m
[37m08:52:01 [97mminer [0m[32m0:14[0m[1;97m A1[0m [1;36m47.33 Mh[0m - [97mcu0 [36m47.33[0m
[37m08:52:01 [97mminer [0mJob: [97m9bb0e02b[37m blk: [37m13606466[0m eth.2miners.com:2020
[37m08:52:06 [97mminer [0m[32m0:14[0m[1;97m A1[0m [1;36m47.34 Mh[0m - [97mcu0 [36m47.34[0m
[37m08:52:08 [97mminer [0mJob: [97m301a0060[37m blk: [37m13606466[0m eth.2miners.com:2020
[37m08:52:11 [97mminer [0m[32m0:14[0m[1;97m A1[0m [1;36m47.32 Mh[0m - [97mcu0 [36m47.32[0m
[37m08:52:15 [97mminer [0mJob: [97m8047a8e1[37m blk: [37m13606466[0m eth.2miners.com:2020
[37m08:52:15 [97mminer [0mJob: [97m83ffa006[37m blk: [37m13606466[0m eth.2miners.com:2020
[37m08:52:16 [97mminer [0m[32m0:14[0m[1;97m A1[0m [1;36m47.33 Mh[0m - [97mcu0 [36m47.33[0m
[37m08:52:20 [97mminer [0mJob: [97m2cdee5ec[37m blk: [97m13606467[0m eth.2miners.com:2020
[37m08:52:21 [97mminer [0m[32m0:14[0m[1;97m A1[0m [1;36m47.32 Mh[0m - [97mcu0 [36m47.32[0m
[37m08:52:26 [97mminer [0m[32m0:14[0m[1;97m A1[0m [1;36m47.33 Mh[0m - [97mcu0 [36m47.33[0m
[37m08:52:28 [97mminer [0mJob: [97m54eb162f[37m blk: [37m13606467[0m eth.2miners.com:2020
[37m08:52:31 [97mminer [0m[32m0:15[0m[1;97m A1[0m [1;36m47.34 Mh[0m - [97mcu0 [36m47.34[0m
[37m08:52:35 [97mminer [0mJob: [97m52adb402[37m blk: [37m13606467[0m eth.2miners.com:2020
[37m08:52:36 [97mminer [0m[32m0:15[0m[1;97m A1[0m [1;36m47.33 Mh[0m - [97mcu0 [36m47.33[0m
[37m08:52:41 [97mminer [0m[32m0:15[0m[1;97m A1[0m [1;36m47.33 Mh[0m - [97mcu0 [36m47.33[0m
[37m08:52:42 [97mminer [0mJob: [97mced4e885[37m blk: [37m13606467[0m eth.2miners.com:2020
[37m08:52:44 [97mminer [0mJob: [97m1d9594f5[37m blk: [97m13606468[0m eth.2miners.com:2020
[37m08:52:46 [97mminer [0m[32m0:15[0m[1;97m A1[0m [1;36m47.34 Mh[0m - [97mcu0 [36m47.34[0m
[37m08:52:51 [97mminer [0mJob: [97mc2f97fe8[37m blk: [37m13606468[0m eth.2miners.com:2020
[37m08:52:51 [97mminer [0mJob: [97medb0869a[37m blk: [37m13606468[0m eth.2miners.com:2020
[37m08:52:51 [97mminer [0m[32m0:15[0m[1;97m A1[0m [1;36m47.32 Mh[0m - [97mcu0 [36m47.32[0m
[37m08:52:52 [97mminer [0mJob: [97m6cdef1f1[37m blk: [97m13606469[0m eth.2miners.com:2020
[37m08:52:56 [97mminer [0m[32m0:15[0m[1;97m A1[0m [1;36m47.32 Mh[0m - [97mcu0 [36m47.32[0m
[37m08:52:59 [97mminer [0mJob: [97m2f7f75d1[37m blk: [37m13606469[0m eth.2miners.com:2020
[37m08:53:01 [97mminer [0m[32m0:15[0m[1;97m A1[0m [1;36m47.32 Mh[0m - [97mcu0 [36m47.32[0m
[37m08:53:06 [97mminer [0m[32m0:15[0m[1;97m A1[0m [1;36m47.33 Mh[0m - [97mcu0 [36m47.33[0m
[37m08:53:06 [97mminer [0mJob: [97m09270f07[37m blk: [37m13606469[0m eth.2miners.com:2020
[37m08:53:06 [97mminer [0mJob: [97m6a0cf8cb[37m blk: [37m13606469[0m eth.2miners.com:2020
[37m08:53:11 [97mminer [0m[32m0:15[0m[1;97m A1[0m [1;36m47.34 Mh[0m - [97mcu0 [36m47.34[0m
[37m08:53:11 [97mminer [0mJob: [97meda659ba[37m blk: [97m13606470[0m eth.2miners.com:2020
[37m08:53:16 [97mminer [0m[32m0:15[0m[1;97m A1[0m [1;36m47.31 Mh[0m - [97mcu0 [36m47.31[0m
[37m08:53:18 [97mminer [0mJob: [97ma68b72ef[37m blk: [37m13606470[0m eth.2miners.com:2020
[37m08:53:21 [97mminer [0m[32m0:15[0m[1;97m A1[0m [1;36m47.33 Mh[0m - [97mcu0 [36m47.33[0m
[37m08:53:25 [97mminer [0mJob: [97mb367f690[37m blk: [37m13606470[0m eth.2miners.com:2020
[37m08:53:26 [97mminer [0m[32m0:15[0m[1;97m A1[0m [1;36m47.33 Mh[0m - [97mcu0 [36m47.33[0m
[37m08:53:28 [97mminer [0mJob: [97m58e88ab2[37m blk: [97m13606471[0m eth.2miners.com:2020
[37m08:53:31 [97mminer [0m[32m0:16[0m[1;97m A1[0m [1;36m47.32 Mh[0m - [97mcu0 [36m47.32[0m
[37m08:53:35 [97mminer [0mJob: [97md59a392e[37m blk: [37m13606471[0m eth.2miners.com:2020
[37m08:53:36 [97mminer [0m[32m0:16[0m[1;97m A1[0m [1;36m47.33 Mh[0m - [97mcu0 [36m47.33[0m
[37m08:53:41 [97mminer [0m[32m0:16[0m[1;97m A1[0m [1;36m47.33 Mh[0m - [97mcu0 [36m47.33[0m
[37m08:53:42 [97mminer [0mJob: [97m17536ae1[37m blk: [37m13606471[0m eth.2miners.com:2020
[37m08:53:46 [97mminer [0m[32m0:16[0m[1;97m A1[0m [1;36m47.33 Mh[0m - [97mcu0 [36m47.33[0m
[37m08:53:49 [97mminer [0mJob: [97me58665d8[37m blk: [37m13606471[0m eth.2miners.com:2020
[37m08:53:51 [97mminer [0m[32m0:16[0m[1;97m A1[0m [1;36m47.33 Mh[0m - [97mcu0 [36m47.33[0m
[37m08:53:52 [97mminer [0mJob: [97med54ad81[37m blk: [97m13606472[0m eth.2miners.com:2020
[37m08:53:56 [97mminer [0m[32m0:16[0m[1;97m A1[0m [1;36m47.33 Mh[0m - [97mcu0 [36m47.33[0m
[37m08:53:59 [97mminer [0mJob: [97m31f84cac[37m blk: [37m13606472[0m eth.2miners.com:2020
[37m08:54:01 [97mminer [0m[32m0:16[0m[1;97m A1[0m [1;36m47.33 Mh[0m - [97mcu0 [36m47.33[0m
[37m08:54:02 [97mminer [0mJob: [97m0992849a[37m blk: [97m13606473[0m eth.2miners.com:2020
[37m08:54:02 [97mminer [0mJob: [97md9156bdd[37m blk: [37m13606473[0m eth.2miners.com:2020
[37m08:54:06 [97mminer [0m[32m0:16[0m[1;97m A1[0m [1;36m47.32 Mh[0m - [97mcu0 [36m47.32[0m
[37m08:54:09 [97mminer [0mJob: [97mc5f9333c[37m blk: [37m13606473[0m eth.2miners.com:2020
[37m08:54:11 [97mminer [0m[32m0:16[0m[1;97m A1[0m [1;36m47.32 Mh[0m - [97mcu0 [36m47.32[0m
[37m08:54:16 [97mminer [0m[32m0:16[0m[1;97m A1[0m [1;36m47.33 Mh[0m - [97mcu0 [36m47.33[0m
[37m08:54:16 [97mminer [0mJob: [97mf51ef963[37m blk: [37m13606473[0m eth.2miners.com:2020
[37m08:54:16 [97mminer [0mJob: [97maab4484b[37m blk: [37m13606473[0m eth.2miners.com:2020
[37m08:54:16 [97mcu-0  [0m[97mJob: aab4484b Solution: 0xd6800edb674f78fb
[37m08:54:16 [97mminer [0m[97mSolution difficulty: 10.74 Gh
[37m08:54:16 [97mminer [0m[92m**Accepted[0m  27 ms. eth.2miners.com:2020
[37m08:54:18 [97mminer [0mJob: [97me2e11ca6[37m blk: [97m13606474[0m eth.2miners.com:2020
[37m08:54:19 [97mminer [0mJob: [97m6c51ef8a[37m blk: [37m13606474[0m eth.2miners.com:2020
[37m08:54:21 [97mminer [0m[32m0:16[0m[1;97m A2[0m [1;36m47.34 Mh[0m - [97mcu0 [36m47.34[0m
[37m08:54:25 [97mminer [0mJob: [97md9f539bd[37m blk: [37m13606474[0m eth.2miners.com:2020
[37m08:54:26 [97mminer [0m[32m0:16[0m[1;97m A2[0m [1;36m47.30 Mh[0m - [97mcu0 [36m47.30[0m
[37m08:54:28 [97mminer [0mJob: [97m228463aa[37m blk: [97m13606475[0m eth.2miners.com:2020
[37m08:54:30 [97mminer [0mJob: [97mfd0da961[37m blk: [97m13606476[0m eth.2miners.com:2020
[37m08:54:31 [97mminer [0mJob: [97m89ff4c80[37m blk: [37m13606476[0m eth.2miners.com:2020
[37m08:54:31 [97mminer [0m[32m0:17[0m[1;97m A2[0m [1;36m47.33 Mh[0m - [97mcu0 [36m47.33[0m
[37m08:54:36 [97mminer [0m[32m0:17[0m[1;97m A2[0m [1;36m47.32 Mh[0m - [97mcu0 [36m47.32[0m
[37m08:54:38 [97mminer [0mJob: [97m86fd0b84[37m blk: [37m13606476[0m eth.2miners.com:2020
[37m08:54:41 [97mminer [0m[32m0:17[0m[1;97m A2[0m [1;36m47.33 Mh[0m - [97mcu0 [36m47.33[0m
[37m08:54:45 [97mminer [0mJob: [97m8494fc6d[37m blk: [37m13606476[0m eth.2miners.com:2020
[37m08:54:46 [97mminer [0m[32m0:17[0m[1;97m A2[0m [1;36m47.33 Mh[0m - [97mcu0 [36m47.33[0m
[37m08:54:51 [97mminer [0m[32m0:17[0m[1;97m A2[0m [1;36m47.33 Mh[0m - [97mcu0 [36m47.33[0m
[37m08:54:52 [97mminer [0mJob: [97m72abe1be[37m blk: [37m13606476[0m eth.2miners.com:2020
[37m08:54:56 [97mminer [0m[32m0:17[0m[1;97m A2[0m [1;36m47.34 Mh[0m - [97mcu0 [36m47.34[0m
[37m08:54:59 [97mminer [0mJob: [97mdd9f1030[37m blk: [37m13606476[0m eth.2miners.com:2020
